<?xml version="1.0" encoding="UTF-8"?>
<!-- Generated by org.testng.reporters.JUnitXMLReporter -->
<testsuite hostname="DESKTOP-I7M3DML" ignored="2" name="Test" tests="3" failures="0" timestamp="2021-02-11T00:58:04 IST" time="99.49" errors="0">
  <testcase name="runTest" time="28.966" classname="testcases.TC_001_Grootan"/>
  <testcase name="runTest" time="28.751" classname="testcases.TC_001_Grootan"/>
  <testcase name="teamsTask" time="9.508" classname="testcases.TC_002_Team"/>
  <testcase name="@AfterSuite endReport" time="0.0" classname="base.SiteSpecificMethods">
    <ignored/>
  </testcase> <!-- @AfterSuite endReport -->
  <testcase name="@BeforeSuite startReport" time="0.0" classname="base.SiteSpecificMethods">
    <ignored/>
  </testcase> <!-- @BeforeSuite startReport -->
</testsuite> <!-- Test -->
