<?xml version="1.0" encoding="UTF-8"?>
<testng-results skipped="0" failed="0" ignored="0" total="1" passed="1">
  <reporter-output>
  </reporter-output>
  <suite name="Default suite" duration-ms="20849" started-at="2021-02-10T05:16:23 IST" finished-at="2021-02-10T05:16:44 IST">
    <groups>
    </groups>
    <test name="Default test" duration-ms="20849" started-at="2021-02-10T05:16:23 IST" finished-at="2021-02-10T05:16:44 IST">
      <class name="testcases.TC_002_Team">
        <test-method status="PASS" signature="startReport()[pri:0, instance:testcases.TC_002_Team@10dba097]" name="startReport" is-config="true" duration-ms="555" started-at="2021-02-10T05:16:22 IST" finished-at="2021-02-10T05:16:23 IST">
          <reporter-output>
          </reporter-output>
        </test-method> <!-- startReport -->
        <test-method status="PASS" signature="setDetails()[pri:0, instance:testcases.TC_002_Team@10dba097]" name="setDetails" is-config="true" duration-ms="0" started-at="2021-02-10T05:16:23 IST" finished-at="2021-02-10T05:16:23 IST">
          <reporter-output>
          </reporter-output>
        </test-method> <!-- setDetails -->
        <test-method status="PASS" signature="testDetails()[pri:0, instance:testcases.TC_002_Team@10dba097]" name="testDetails" is-config="true" duration-ms="0" started-at="2021-02-10T05:16:23 IST" finished-at="2021-02-10T05:16:23 IST">
          <reporter-output>
          </reporter-output>
        </test-method> <!-- testDetails -->
        <test-method status="PASS" signature="startBrowser()[pri:0, instance:testcases.TC_002_Team@10dba097]" name="startBrowser" is-config="true" duration-ms="9831" started-at="2021-02-10T05:16:23 IST" finished-at="2021-02-10T05:16:33 IST">
          <reporter-output>
          </reporter-output>
        </test-method> <!-- startBrowser -->
        <test-method status="PASS" signature="teamsTask()[pri:0, instance:testcases.TC_002_Team@10dba097]" name="teamsTask" duration-ms="10717" started-at="2021-02-10T05:16:33 IST" finished-at="2021-02-10T05:16:44 IST">
          <reporter-output>
          </reporter-output>
        </test-method> <!-- teamsTask -->
        <test-method status="PASS" signature="closeBrowser()[pri:0, instance:testcases.TC_002_Team@10dba097]" name="closeBrowser" is-config="true" duration-ms="233" started-at="2021-02-10T05:16:44 IST" finished-at="2021-02-10T05:16:44 IST">
          <reporter-output>
          </reporter-output>
        </test-method> <!-- closeBrowser -->
        <test-method status="PASS" signature="endReport()[pri:0, instance:testcases.TC_002_Team@10dba097]" name="endReport" is-config="true" duration-ms="883" started-at="2021-02-10T05:16:44 IST" finished-at="2021-02-10T05:16:45 IST">
          <reporter-output>
          </reporter-output>
        </test-method> <!-- endReport -->
      </class> <!-- testcases.TC_002_Team -->
    </test> <!-- Default test -->
  </suite> <!-- Default suite -->
</testng-results>
