<?xml version="1.0" encoding="UTF-8"?>
<!-- Generated by org.testng.reporters.JUnitXMLReporter -->
<testsuite hostname="DESKTOP-I7M3DML" ignored="2" name="Exploring the grootan.com" tests="3" failures="0" timestamp="2021-02-10T05:11:48 IST" time="95.585" errors="0">
  <testcase name="runTest" time="30.026" classname="testcases.TC_001_Grootan"/>
  <testcase name="runTest" time="29.449" classname="testcases.TC_001_Grootan"/>
  <testcase name="teamsTask" time="8.516" classname="testcases.TC_002_Team"/>
  <testcase name="@AfterSuite endReport" time="0.0" classname="base.SiteSpecificMethods">
    <ignored/>
  </testcase> <!-- @AfterSuite endReport -->
  <testcase name="@BeforeSuite startReport" time="0.0" classname="base.SiteSpecificMethods">
    <ignored/>
  </testcase> <!-- @BeforeSuite startReport -->
</testsuite> <!-- Exploring the grootan.com -->
