<?xml version="1.0" encoding="UTF-8"?>
<!-- Generated by org.testng.reporters.JUnitXMLReporter -->
<testsuite hostname="DESKTOP-I7M3DML" ignored="2" name="Exploring the grootan.com" tests="3" failures="0" timestamp="2021-02-11T02:08:17 IST" time="92.833" errors="0">
  <testcase name="runTest" time="29.02" classname="testcases.TC_001_Grootan"/>
  <testcase name="runTest" time="29.045" classname="testcases.TC_001_Grootan"/>
  <testcase name="teamsTask" time="10.093" classname="testcases.TC_002_Team"/>
  <testcase name="@AfterSuite endReport" time="0.0" classname="base.SiteSpecificMethods">
    <ignored/>
  </testcase> <!-- @AfterSuite endReport -->
  <testcase name="@BeforeSuite startReport" time="0.0" classname="base.SiteSpecificMethods">
    <ignored/>
  </testcase> <!-- @BeforeSuite startReport -->
</testsuite> <!-- Exploring the grootan.com -->
